substrate 2.0.0-2e1717225-x86_64-linux-gnu

Parity Technologies <admin@parity.io>
Generic substrate node

USAGE:
    substrate [FLAGS] [OPTIONS]
    substrate <SUBCOMMAND>

FLAGS:
        --alice                   Shortcut for `--name Alice --validator` with session keys for `Alice` added to
                                  keystore.
        --bob                     Shortcut for `--name Bob --validator` with session keys for `Bob` added to keystore.
        --charlie                 Shortcut for `--name Charlie --validator` with session keys for `Charlie` added to
                                  keystore.
        --dave                    Shortcut for `--name Dave --validator` with session keys for `Dave` added to keystore.
        --dev                     Specify the development chain
        --eve                     Shortcut for `--name Eve --validator` with session keys for `Eve` added to keystore.
        --ferdie                  Shortcut for `--name Ferdie --validator` with session keys for `Ferdie` added to
                                  keystore.
        --force-authoring         Enable authoring even when offline
        --grafana-external        Listen to all Grafana data source interfaces
    -h, --help                    Prints help information
        --light                   Experimental: Run in light client mode
        --no-grandpa              Disable GRANDPA voter when running in validator mode, otherwise disables the GRANDPA
                                  observer
        --no-mdns                 Disable mDNS discovery
        --no-private-ipv4         Allow connecting to private IPv4 addresses (as specified in
                                  [RFC1918](https://tools.ietf.org/html/rfc1918)), unless the address was passed with
                                  `--reserved-nodes` or `--bootnodes`
        --no-telemetry            Disable connecting to the Substrate telemetry server
        --one                     Shortcut for `--name One --validator` with session keys for `One` added to keystore.
        --password-interactive    Use interactive shell for entering the password used by the keystore
        --reserved-only           Whether to only allow connections to/from reserved nodes
        --rpc-external            Listen to all RPC interfaces
        --sentry                  Enable sentry mode
        --two                     Shortcut for `--name Two --validator` with session keys for `Two` added to keystore.
        --unsafe-pruning          Force start with unsafe pruning settings
        --unsafe-rpc-external     Listen to all RPC interfaces
        --unsafe-ws-external      Listen to all Websocket interfaces
        --validator               Enable validator mode
    -V, --version                 Prints version information
        --ws-external             Listen to all Websocket interfaces

OPTIONS:
    -d, --base-path <PATH>                           Specify custom base path
        --bootnodes <URL>...                         Specify a list of bootnodes
        --chain <CHAIN_SPEC>                         Specify the chain specification (one of dev, local or staging)
        --db-cache <MiB>                             Limit the memory the database cache can use [default: 1024]
        --execution <STRATEGY>
            The execution strategy that should be used by all execution contexts [possible values: Native, Wasm, Both,
            NativeElseWasm]
        --execution-block-construction <STRATEGY>
            The means of execution used when calling into the runtime while constructing blocks [default: Wasm]
            [possible values: Native, Wasm, Both, NativeElseWasm]
        --execution-import-block <STRATEGY>
            The means of execution used when calling into the runtime while importing blocks [default: NativeElseWasm]
            [possible values: Native, Wasm, Both, NativeElseWasm]
        --execution-offchain-worker <STRATEGY>
            The means of execution used when calling into the runtime while using an off-chain worker [default: Native]
            [possible values: Native, Wasm, Both, NativeElseWasm]
        --execution-other <STRATEGY>
            The means of execution used when calling into the runtime while not syncing, importing or constructing
            blocks [default: Native]  [possible values: Native, Wasm, Both, NativeElseWasm]
        --execution-syncing <STRATEGY>
            The means of execution used when calling into the runtime while syncing blocks [default: NativeElseWasm]
            [possible values: Native, Wasm, Both, NativeElseWasm]
        --grafana-port <PORT>                        Specify Grafana data source server TCP Port
        --in-peers <COUNT>
            Specify the maximum number of incoming connections we're accepting [default: 25]

        --keystore-path <PATH>                       Specify custom keystore path
        --listen-addr <LISTEN_ADDR>...               Listen on this multiaddress
    -l, --log <LOG_PATTERN>                          Sets a custom logging filter
        --max-parallel-downloads <COUNT>
            Maximum number of peers to ask the same blocks in parallel [default: 5]

        --name <NAME>                                The human-readable name for this node
        --node-key <KEY>                             The secret key to use for libp2p networking
        --node-key-file <FILE>
            The file from which to read the node's secret key to use for libp2p networking

        --node-key-type <TYPE>
            The type of secret key to use for libp2p networking [default: Ed25519]  [possible values: Ed25519]

        --offchain-worker <ENABLED>
            Should execute offchain workers on every block [default: WhenValidating]  [possible values: Always, Never,
            WhenValidating]
        --out-peers <COUNT>
            Specify the number of outgoing connections we're trying to maintain [default: 25]

        --password <password>                        Password used by the keystore
        --password-filename <PATH>                   File that contains the password used by the keystore
        --pool-kbytes <COUNT>
            Maximum number of kilobytes of all transactions stored in the pool [default: 10240]

        --pool-limit <COUNT>
            Maximum number of transactions in the transaction pool [default: 512]

        --port <PORT>                                Specify p2p protocol TCP port
        --pruning <PRUNING_MODE>
            Specify the state pruning mode, a number of blocks to keep or 'archive'

        --reserved-nodes <URL>...                    Specify a list of reserved node addresses
        --rpc-cors <ORIGINS>                         Specify browser Origins allowed to access the HTTP & WS RPC servers
        --rpc-port <PORT>                            Specify HTTP RPC server TCP port
        --sentry-nodes <URL>...                      Specify a list of sentry node public addresses
        --state-cache-size <Bytes>                   Specify the state cache size [default: 67108864]
        --telemetry-url <URL VERBOSITY>...           The URL of the telemetry server to connect to
        --tracing-receiver <RECEIVER>
            Receiver to process tracing messages [default: Log]  [possible values: Log, Telemetry, Grafana]

        --tracing-targets <TARGETS>                  Comma separated list of targets for tracing
        --wasm-execution <METHOD>
            Method for executing Wasm runtime code [default: Interpreted]  [possible values: Interpreted, Compiled]

        --ws-max-connections <COUNT>                 Maximum number of WS RPC server connections
        --ws-port <PORT>                             Specify WebSockets RPC server TCP port

SUBCOMMANDS:
    build-spec       Build a spec.json file, outputting to stdout.
    check-block      Re-validate a known block.
    export-blocks    Export blocks to a file. This file can only be re-imported if it is in binary format (not
                     JSON!).
    factory          Manufactures num transactions from Alice to random accounts. Only supported for development or
                     local testnet.
    help             Prints this message or the help of the given subcommand(s)
    import-blocks    Import blocks from file.
    purge-chain      Remove the whole chain data.
    revert           Revert chain to the previous state.
